<?xml version="1.0" encoding="UTF-8"?>
<!-- Generated by org.testng.reporters.JUnitXMLReporter -->
<testsuite hostname="DESKTOP-UTJTOH1" name="Default test" tests="27" failures="0" timestamp="12 Oct 2017 12:30:49 GMT" time="183.144" errors="0">
  <testcase name="unsuccessfullogin" time="11.125" classname="com.pack.home.TestExecution.TestRun"/>
  <testcase name="login" time="11.747" classname="com.pack.home.TestExecution.TestRun"/>
  <testcase name="verifyWelcomeMesg" time="0.073" classname="com.pack.home.TestExecution.TestRun"/>
  <testcase name="clickPrivacy" time="5.404" classname="com.pack.home.TestExecution.TestRun"/>
  <testcase name="clickTerms" time="5.469" classname="com.pack.home.TestExecution.TestRun"/>
  <testcase name="clickRefund" time="5.391" classname="com.pack.home.TestExecution.TestRun"/>
  <testcase name="clickfeedback" time="5.439" classname="com.pack.home.TestExecution.TestRun"/>
  <testcase name="sendfeedback" time="10.868" classname="com.pack.home.TestExecution.TestRun"/>
  <testcase name="clickfaq" time="5.429" classname="com.pack.home.TestExecution.TestRun"/>
  <testcase name="clickknowcpe" time="5.519" classname="com.pack.home.TestExecution.TestRun"/>
  <testcase name="clickPayment" time="5.452" classname="com.pack.home.TestExecution.TestRun"/>
  <testcase name="clickPayBill" time="5.623" classname="com.pack.home.TestExecution.TestRun"/>
  <testcase name="clickcontact" time="7.043" classname="com.pack.home.TestExecution.TestRun"/>
  <testcase name="sendcontactus" time="11.069" classname="com.pack.home.TestExecution.TestRun"/>
  <testcase name="clickTopUp" time="5.417" classname="com.pack.home.TestExecution.TestRun"/>
  <testcase name="clickPlan" time="5.291" classname="com.pack.home.TestExecution.TestRun"/>
  <testcase name="clickProfile" time="5.413" classname="com.pack.home.TestExecution.TestRun"/>
  <testcase name="clickService" time="5.375" classname="com.pack.home.TestExecution.TestRun"/>
  <testcase name="sendnowrequest" time="9.066" classname="com.pack.home.TestExecution.TestRun"/>
  <testcase name="parentallink" time="6.176" classname="com.pack.home.TestExecution.TestRun"/>
  <testcase name="advancedlink" time="5.244" classname="com.pack.home.TestExecution.TestRun"/>
  <testcase name="selectlink" time="1.002" classname="com.pack.home.TestExecution.TestRun"/>
  <testcase name="selectlink2" time="1.003" classname="com.pack.home.TestExecution.TestRun"/>
  <testcase name="blockedlink" time="5.177" classname="com.pack.home.TestExecution.TestRun"/>
  <testcase name="customlink" time="5.179" classname="com.pack.home.TestExecution.TestRun"/>
  <testcase name="Customurl" time="8.318" classname="com.pack.home.TestExecution.TestRun"/>
  <testcase name="logout" time="5.515" classname="com.pack.home.TestExecution.TestRun"/>
</testsuite> <!-- Default test -->
