<?xml version="1.0" encoding="UTF-8"?>
<testng-results skipped="0" failed="0" total="27" passed="27">
  <reporter-output>
  </reporter-output>
  <suite name="Default suite" duration-ms="183144" started-at="2017-10-12T12:27:46Z" finished-at="2017-10-12T12:30:49Z">
    <groups>
    </groups>
    <test name="Default test" duration-ms="183144" started-at="2017-10-12T12:27:46Z" finished-at="2017-10-12T12:30:49Z">
      <class name="com.pack.home.TestExecution.TestRun">
        <test-method status="PASS" signature="executing()[pri:0, instance:com.pack.home.TestExecution.TestRun@464bee09]" name="executing" is-config="true" duration-ms="18086" started-at="2017-10-12T17:57:46Z" finished-at="2017-10-12T17:58:04Z">
          <reporter-output>
          </reporter-output>
        </test-method> <!-- executing -->
        <test-method status="PASS" signature="unsuccessfullogin()[pri:0, instance:com.pack.home.TestExecution.TestRun@464bee09]" name="unsuccessfullogin" duration-ms="11125" started-at="2017-10-12T17:58:04Z" description="Performs an unsuccessful login and checks the resulting error message (passes)" finished-at="2017-10-12T17:58:15Z">
          <reporter-output>
          </reporter-output>
        </test-method> <!-- unsuccessfullogin -->
        <test-method status="PASS" signature="login()[pri:0, instance:com.pack.home.TestExecution.TestRun@464bee09]" name="login" duration-ms="11747" started-at="2017-10-12T17:58:15Z" description="Performs an successful login and checks the dashboard url (passes)" finished-at="2017-10-12T17:58:27Z">
          <reporter-output>
          </reporter-output>
        </test-method> <!-- login -->
        <test-method status="PASS" signature="verifyWelcomeMesg()[pri:0, instance:com.pack.home.TestExecution.TestRun@464bee09]" name="verifyWelcomeMesg" duration-ms="73" started-at="2017-10-12T17:58:27Z" description="Checks for the welcome message (passes)" finished-at="2017-10-12T17:58:27Z">
          <reporter-output>
          </reporter-output>
        </test-method> <!-- verifyWelcomeMesg -->
        <test-method status="PASS" signature="clickPrivacy()[pri:0, instance:com.pack.home.TestExecution.TestRun@464bee09]" name="clickPrivacy" duration-ms="5404" started-at="2017-10-12T17:58:27Z" description="Tries to navigate to privacy Page(passes)" finished-at="2017-10-12T17:58:32Z">
          <reporter-output>
          </reporter-output>
        </test-method> <!-- clickPrivacy -->
        <test-method status="PASS" signature="clickTerms()[pri:0, instance:com.pack.home.TestExecution.TestRun@464bee09]" name="clickTerms" duration-ms="5469" started-at="2017-10-12T17:58:32Z" description="Tries to navigate to Terms of services (passes)" finished-at="2017-10-12T17:58:38Z">
          <reporter-output>
          </reporter-output>
        </test-method> <!-- clickTerms -->
        <test-method status="PASS" signature="clickRefund()[pri:0, instance:com.pack.home.TestExecution.TestRun@464bee09]" name="clickRefund" duration-ms="5391" started-at="2017-10-12T17:58:38Z" description="Tries to navigate to Refund page (passes)" finished-at="2017-10-12T17:58:43Z">
          <reporter-output>
          </reporter-output>
        </test-method> <!-- clickRefund -->
        <test-method status="PASS" signature="clickfeedback()[pri:0, instance:com.pack.home.TestExecution.TestRun@464bee09]" name="clickfeedback" duration-ms="5439" started-at="2017-10-12T17:58:43Z" description="Tries to navigate to Feedback (passes)" finished-at="2017-10-12T17:58:49Z">
          <reporter-output>
          </reporter-output>
        </test-method> <!-- clickfeedback -->
        <test-method status="PASS" signature="sendfeedback()[pri:0, instance:com.pack.home.TestExecution.TestRun@464bee09]" name="sendfeedback" duration-ms="10868" started-at="2017-10-12T17:58:49Z" description="Performs an Feedback send mail  (passes)" finished-at="2017-10-12T17:59:00Z">
          <reporter-output>
          </reporter-output>
        </test-method> <!-- sendfeedback -->
        <test-method status="PASS" signature="clickfaq()[pri:0, instance:com.pack.home.TestExecution.TestRun@464bee09]" name="clickfaq" duration-ms="5429" started-at="2017-10-12T17:59:00Z" description="Tries to navigate to FAQ (passes)" finished-at="2017-10-12T17:59:05Z">
          <reporter-output>
          </reporter-output>
        </test-method> <!-- clickfaq -->
        <test-method status="PASS" signature="clickknowcpe()[pri:0, instance:com.pack.home.TestExecution.TestRun@464bee09]" name="clickknowcpe" duration-ms="5519" started-at="2017-10-12T17:59:05Z" description="Tries to navigate to Know your CPE (passes)" finished-at="2017-10-12T17:59:10Z">
          <reporter-output>
          </reporter-output>
        </test-method> <!-- clickknowcpe -->
        <test-method status="PASS" signature="clickPayment()[pri:0, instance:com.pack.home.TestExecution.TestRun@464bee09]" name="clickPayment" duration-ms="5452" started-at="2017-10-12T17:59:10Z" description="Tries to navigate to Make Payment (passes)" finished-at="2017-10-12T17:59:16Z">
          <reporter-output>
          </reporter-output>
        </test-method> <!-- clickPayment -->
        <test-method status="PASS" signature="clickPayBill()[pri:0, instance:com.pack.home.TestExecution.TestRun@464bee09]" name="clickPayBill" duration-ms="5623" started-at="2017-10-12T17:59:16Z" description="Tries to navigate to pay Bill (passes)" finished-at="2017-10-12T17:59:22Z">
          <reporter-output>
          </reporter-output>
        </test-method> <!-- clickPayBill -->
        <test-method status="PASS" signature="clickcontact()[pri:0, instance:com.pack.home.TestExecution.TestRun@464bee09]" name="clickcontact" duration-ms="7043" started-at="2017-10-12T17:59:22Z" description="Tries to navigate to Contact us (passes)" finished-at="2017-10-12T17:59:29Z">
          <reporter-output>
          </reporter-output>
        </test-method> <!-- clickcontact -->
        <test-method status="PASS" signature="sendcontactus()[pri:0, instance:com.pack.home.TestExecution.TestRun@464bee09]" name="sendcontactus" duration-ms="11069" started-at="2017-10-12T17:59:29Z" description="Performs an contactus send mail  (passes)" finished-at="2017-10-12T17:59:40Z">
          <reporter-output>
          </reporter-output>
        </test-method> <!-- sendcontactus -->
        <test-method status="PASS" signature="clickTopUp()[pri:0, instance:com.pack.home.TestExecution.TestRun@464bee09]" name="clickTopUp" duration-ms="5417" started-at="2017-10-12T17:59:40Z" description="Tries to navigate to Top up (passes)" finished-at="2017-10-12T17:59:45Z">
          <reporter-output>
          </reporter-output>
        </test-method> <!-- clickTopUp -->
        <test-method status="PASS" signature="clickPlan()[pri:0, instance:com.pack.home.TestExecution.TestRun@464bee09]" name="clickPlan" duration-ms="5291" started-at="2017-10-12T17:59:45Z" description="Tries to navigate to Your Plan(passes)" finished-at="2017-10-12T17:59:50Z">
          <reporter-output>
          </reporter-output>
        </test-method> <!-- clickPlan -->
        <test-method status="PASS" signature="clickProfile()[pri:0, instance:com.pack.home.TestExecution.TestRun@464bee09]" name="clickProfile" duration-ms="5413" started-at="2017-10-12T17:59:50Z" description="Navigates to Profile page (passes)" finished-at="2017-10-12T17:59:56Z">
          <reporter-output>
          </reporter-output>
        </test-method> <!-- clickProfile -->
        <test-method status="PASS" signature="clickService()[pri:0, instance:com.pack.home.TestExecution.TestRun@464bee09]" name="clickService" duration-ms="5375" started-at="2017-10-12T17:59:56Z" description="Navigates to Service request page (passes)" finished-at="2017-10-12T18:00:01Z">
          <reporter-output>
          </reporter-output>
        </test-method> <!-- clickService -->
        <test-method status="PASS" signature="sendnowrequest()[pri:0, instance:com.pack.home.TestExecution.TestRun@464bee09]" name="sendnowrequest" duration-ms="9066" started-at="2017-10-12T18:00:01Z" description="Performs an Service request send mail  (passes)" finished-at="2017-10-12T18:00:10Z">
          <reporter-output>
          </reporter-output>
        </test-method> <!-- sendnowrequest -->
        <test-method status="PASS" signature="parentallink()[pri:0, instance:com.pack.home.TestExecution.TestRun@464bee09]" name="parentallink" duration-ms="6176" started-at="2017-10-12T18:00:10Z" description="Tries to navigate to Parental Control (passes)" finished-at="2017-10-12T18:00:16Z">
          <reporter-output>
          </reporter-output>
        </test-method> <!-- parentallink -->
        <test-method status="PASS" signature="advancedlink()[pri:0, instance:com.pack.home.TestExecution.TestRun@464bee09]" name="advancedlink" duration-ms="5244" started-at="2017-10-12T18:00:16Z" description="Tries to navigate to Blocked List (passes)" finished-at="2017-10-12T18:00:22Z">
          <reporter-output>
          </reporter-output>
        </test-method> <!-- advancedlink -->
        <test-method status="PASS" signature="selectlink()[pri:0, instance:com.pack.home.TestExecution.TestRun@464bee09]" name="selectlink" duration-ms="1002" started-at="2017-10-12T18:00:22Z" description="Tries to navigate to Advanced List (passes)" finished-at="2017-10-12T18:00:23Z">
          <reporter-output>
          </reporter-output>
        </test-method> <!-- selectlink -->
        <test-method status="PASS" signature="selectlink2()[pri:0, instance:com.pack.home.TestExecution.TestRun@464bee09]" name="selectlink2" duration-ms="1003" started-at="2017-10-12T18:00:23Z" description="Tries to navigate to Blocked List (passes)" finished-at="2017-10-12T18:00:24Z">
          <reporter-output>
          </reporter-output>
        </test-method> <!-- selectlink2 -->
        <test-method status="PASS" signature="blockedlink()[pri:0, instance:com.pack.home.TestExecution.TestRun@464bee09]" name="blockedlink" duration-ms="5177" started-at="2017-10-12T18:00:24Z" description="Tries to navigate to Blocked List (passes)" finished-at="2017-10-12T18:00:29Z">
          <reporter-output>
          </reporter-output>
        </test-method> <!-- blockedlink -->
        <test-method status="PASS" signature="customlink()[pri:0, instance:com.pack.home.TestExecution.TestRun@464bee09]" name="customlink" duration-ms="5179" started-at="2017-10-12T18:00:29Z" description="Tries to navigate to Custom List (passes)" finished-at="2017-10-12T18:00:34Z">
          <reporter-output>
          </reporter-output>
        </test-method> <!-- customlink -->
        <test-method status="PASS" signature="Customurl()[pri:0, instance:com.pack.home.TestExecution.TestRun@464bee09]" name="Customurl" duration-ms="8318" started-at="2017-10-12T18:00:34Z" description="Perform Send Mail for New Connection (passes)" finished-at="2017-10-12T18:00:42Z">
          <reporter-output>
          </reporter-output>
        </test-method> <!-- Customurl -->
        <test-method status="PASS" signature="logout()[pri:0, instance:com.pack.home.TestExecution.TestRun@464bee09]" name="logout" duration-ms="5515" started-at="2017-10-12T18:00:42Z" description="Logs out (passes)" finished-at="2017-10-12T18:00:48Z">
          <reporter-output>
          </reporter-output>
        </test-method> <!-- logout -->
        <test-method status="PASS" signature="afterMethod()[pri:0, instance:com.pack.home.TestExecution.TestRun@464bee09]" name="afterMethod" is-config="true" duration-ms="1110" started-at="2017-10-12T18:00:48Z" finished-at="2017-10-12T18:00:49Z">
          <reporter-output>
          </reporter-output>
        </test-method> <!-- afterMethod -->
      </class> <!-- com.pack.home.TestExecution.TestRun -->
    </test> <!-- Default test -->
  </suite> <!-- Default suite -->
</testng-results>
